Determining if the pthread_create exist failed with the following output:
Change Dir: /home/himank-goel/Documents/Object_Tracking/Code_base/build/CMakeFiles/CMakeTmp

Run Build Command:"/usr/bin/make" "cmTC_c4672/fast"
/usr/bin/make -f CMakeFiles/cmTC_c4672.dir/build.make CMakeFiles/cmTC_c4672.dir/build
make[1]: Entering directory '/home/himank-goel/Documents/Object_Tracking/Code_base/build/CMakeFiles/CMakeTmp'
Building C object CMakeFiles/cmTC_c4672.dir/CheckSymbolExists.c.o
/usr/bin/cc    -o CMakeFiles/cmTC_c4672.dir/CheckSymbolExists.c.o   -c /home/himank-goel/Documents/Object_Tracking/Code_base/build/CMakeFiles/CMakeTmp/CheckSymbolExists.c
Linking C executable cmTC_c4672
/usr/local/bin/cmake -E cmake_link_script CMakeFiles/cmTC_c4672.dir/link.txt --verbose=1
/usr/bin/cc      -rdynamic CMakeFiles/cmTC_c4672.dir/CheckSymbolExists.c.o  -o cmTC_c4672 
CMakeFiles/cmTC_c4672.dir/CheckSymbolExists.c.o: In function `main':
CheckSymbolExists.c:(.text+0x16): undefined reference to `pthread_create'
collect2: error: ld returned 1 exit status
CMakeFiles/cmTC_c4672.dir/build.make:86: recipe for target 'cmTC_c4672' failed
make[1]: *** [cmTC_c4672] Error 1
make[1]: Leaving directory '/home/himank-goel/Documents/Object_Tracking/Code_base/build/CMakeFiles/CMakeTmp'
Makefile:121: recipe for target 'cmTC_c4672/fast' failed
make: *** [cmTC_c4672/fast] Error 2

File /home/himank-goel/Documents/Object_Tracking/Code_base/build/CMakeFiles/CMakeTmp/CheckSymbolExists.c:
/* */
#include <pthread.h>

int main(int argc, char** argv)
{
  (void)argv;
#ifndef pthread_create
  return ((int*)(&pthread_create))[argc];
#else
  (void)argc;
  return 0;
#endif
}

Determining if the function pthread_create exists in the pthreads failed with the following output:
Change Dir: /home/himank-goel/Documents/Object_Tracking/Code_base/build/CMakeFiles/CMakeTmp

Run Build Command:"/usr/bin/make" "cmTC_14219/fast"
/usr/bin/make -f CMakeFiles/cmTC_14219.dir/build.make CMakeFiles/cmTC_14219.dir/build
make[1]: Entering directory '/home/himank-goel/Documents/Object_Tracking/Code_base/build/CMakeFiles/CMakeTmp'
Building C object CMakeFiles/cmTC_14219.dir/CheckFunctionExists.c.o
/usr/bin/cc   -DCHECK_FUNCTION_EXISTS=pthread_create   -o CMakeFiles/cmTC_14219.dir/CheckFunctionExists.c.o   -c /usr/local/share/cmake-3.12/Modules/CheckFunctionExists.c
Linking C executable cmTC_14219
/usr/local/bin/cmake -E cmake_link_script CMakeFiles/cmTC_14219.dir/link.txt --verbose=1
/usr/bin/cc  -DCHECK_FUNCTION_EXISTS=pthread_create    -rdynamic CMakeFiles/cmTC_14219.dir/CheckFunctionExists.c.o  -o cmTC_14219 -lpthreads 
/usr/bin/ld: cannot find -lpthreads
collect2: error: ld returned 1 exit status
CMakeFiles/cmTC_14219.dir/build.make:86: recipe for target 'cmTC_14219' failed
make[1]: *** [cmTC_14219] Error 1
make[1]: Leaving directory '/home/himank-goel/Documents/Object_Tracking/Code_base/build/CMakeFiles/CMakeTmp'
Makefile:121: recipe for target 'cmTC_14219/fast' failed
make: *** [cmTC_14219/fast] Error 2


